2022-10-23 21:07:50,822 [main] INFO ebanking - URL is open
2022-10-23 21:07:51,008 [main] INFO ebanking - Entered username
2022-10-23 21:07:54,099 [main] INFO ebanking - Entered password
2022-10-23 21:07:54,979 [main] INFO ebanking - Longin test passed
2022-10-23 22:01:55,095 [main] INFO ebanking - URL is open
2022-10-23 22:01:55,207 [main] INFO ebanking - Entered username
2022-10-23 22:01:58,281 [main] INFO ebanking - Entered password
2022-10-23 22:01:59,424 [main] INFO ebanking - Longin test passed
2022-10-23 22:02:44,079 [main] INFO ebanking - URL is open
2022-10-23 22:02:45,723 [main] INFO ebanking - Entered username
2022-10-23 22:02:48,820 [main] INFO ebanking - Entered password
2022-10-23 22:02:49,700 [main] INFO ebanking - Longin test passed
2022-10-23 22:03:03,053 [main] INFO ebanking - URL is open
2022-10-23 22:03:03,132 [main] INFO ebanking - Entered username
2022-10-23 22:03:06,199 [main] INFO ebanking - Entered password
2022-10-23 22:03:07,816 [main] INFO ebanking - Longin test passed
2022-10-23 22:05:25,715 [main] INFO ebanking - URL is open
2022-10-23 22:05:25,891 [main] INFO ebanking - Entered username
2022-10-23 22:05:29,009 [main] INFO ebanking - Entered password
2022-10-23 22:05:30,021 [main] INFO ebanking - Longin test passed
2022-10-23 22:05:42,348 [main] INFO ebanking - URL is open
2022-10-23 22:05:42,453 [main] INFO ebanking - Entered username
2022-10-23 22:05:45,518 [main] INFO ebanking - Entered password
2022-10-23 22:05:47,174 [main] INFO ebanking - Longin test passed
2022-10-23 22:07:17,480 [main] INFO ebanking - URL is open
2022-10-23 22:07:17,624 [main] INFO ebanking - Entered username
2022-10-23 22:07:20,674 [main] INFO ebanking - Entered password
2022-10-23 22:07:22,398 [main] INFO ebanking - Longin test passed
2022-10-23 22:10:45,889 [main] INFO ebanking - URL is open
2022-10-23 22:10:46,055 [main] INFO ebanking - Entered username
2022-10-23 22:10:49,094 [main] INFO ebanking - Entered password
2022-10-23 22:10:50,618 [main] INFO ebanking - Longin test passed
2022-10-23 22:12:40,652 [main] INFO ebanking - URL is open
2022-10-23 22:12:40,801 [main] INFO ebanking - Entered username
2022-10-23 22:12:43,866 [main] INFO ebanking - Entered password
2022-10-23 22:12:45,569 [main] INFO ebanking - Longin test passed
2022-10-23 22:14:32,165 [main] INFO ebanking - URL is open
2022-10-23 22:14:32,523 [main] INFO ebanking - Entered username
2022-10-23 22:14:35,570 [main] INFO ebanking - Entered password
2022-10-23 22:14:37,370 [main] INFO ebanking - Longin test passed
2022-10-23 22:18:14,395 [main] INFO ebanking - URL is open
2022-10-23 22:18:14,623 [main] INFO ebanking - Entered username
2022-10-23 22:18:17,670 [main] INFO ebanking - Entered password
2022-10-23 22:18:19,347 [main] INFO ebanking - Longin test passed
2022-10-23 22:18:23,753 [main] INFO ebanking - URL is open
2022-10-23 22:18:23,878 [main] INFO ebanking - Entered username
2022-10-23 22:18:26,955 [main] INFO ebanking - Entered password
2022-10-23 22:18:27,762 [main] INFO ebanking - Longin test passed
2022-10-23 22:31:13,342 [main] INFO ebanking - URL is open
2022-10-23 22:31:13,696 [main] INFO ebanking - Entered username
2022-10-23 22:31:16,793 [main] INFO ebanking - Entered password
2022-10-23 22:31:17,749 [main] INFO ebanking - Longin test passed
2022-10-23 22:32:30,233 [main] INFO ebanking - URL is open
2022-10-23 22:32:30,566 [main] INFO ebanking - Entered username
2022-10-23 22:32:33,700 [main] INFO ebanking - Entered password
2022-10-23 22:32:34,620 [main] INFO ebanking - Longin test passed
2022-10-23 22:32:40,457 [main] INFO ebanking - URL is open
2022-10-23 22:32:40,714 [main] INFO ebanking - Entered username
2022-10-23 22:32:43,735 [main] INFO ebanking - Entered password
2022-10-23 22:32:45,187 [main] INFO ebanking - Longin test passed
2022-10-23 22:32:49,174 [main] INFO ebanking - URL is open
2022-10-23 22:32:49,268 [main] INFO ebanking - Entered username
2022-10-23 22:32:52,363 [main] INFO ebanking - Entered password
2022-10-23 22:32:53,115 [main] INFO ebanking - Longin test passed
2022-10-24 01:32:08,672 [main] INFO ebanking - URL is open
2022-10-24 01:32:08,910 [main] INFO ebanking - Entered username
2022-10-24 01:32:11,996 [main] INFO ebanking - Entered password
2022-10-24 01:32:12,767 [main] INFO ebanking - Longin test passed
2022-10-24 01:36:15,193 [main] INFO ebanking - URL is open
2022-10-24 01:36:15,409 [main] INFO ebanking - Entered username
2022-10-24 01:36:18,520 [main] INFO ebanking - Entered password
2022-10-24 01:36:19,337 [main] INFO ebanking - Longin test passed
2022-10-24 01:42:10,437 [main] INFO ebanking - URL is open
2022-10-24 01:42:10,638 [main] INFO ebanking - Entered username
2022-10-24 01:42:13,770 [main] INFO ebanking - Entered password
2022-10-24 01:42:14,625 [main] INFO ebanking - Longin test passed
2022-10-24 09:55:10,158 [main] INFO ebanking - URL is open
2022-10-24 09:55:10,239 [main] INFO ebanking - Entered username
2022-10-24 09:55:13,296 [main] INFO ebanking - Entered password
2022-10-24 09:55:13,992 [main] INFO ebanking - Longin test passed
2022-10-24 09:55:57,478 [main] INFO ebanking - URL is open
2022-10-24 09:55:57,557 [main] INFO ebanking - Entered username
2022-10-24 09:56:00,613 [main] INFO ebanking - Entered password
2022-10-24 09:59:37,728 [main] INFO ebanking - URL is open
2022-10-24 09:59:37,809 [main] INFO ebanking - Entered username
2022-10-24 09:59:40,861 [main] INFO ebanking - Entered password
2022-10-24 10:03:24,421 [main] INFO ebanking - URL is open
2022-10-24 10:03:24,513 [main] INFO ebanking - Entered username
2022-10-24 10:03:27,586 [main] INFO ebanking - Entered password
2022-10-24 10:07:48,571 [main] INFO ebanking - URL is open
2022-10-24 10:07:48,656 [main] INFO ebanking - Entered username
2022-10-24 10:07:51,702 [main] INFO ebanking - Entered password
2022-10-24 10:09:00,671 [main] INFO ebanking - URL is open
2022-10-24 10:09:00,755 [main] INFO ebanking - Entered username
2022-10-24 10:09:03,810 [main] INFO ebanking - Entered password
2022-10-24 14:41:27,143 [main] INFO ebanking - username provided
2022-10-24 14:41:27,250 [main] INFO ebanking - password provided
2022-10-24 14:41:31,160 [main] INFO ebanking - login passed
2022-10-24 14:43:57,959 [main] INFO ebanking - username provided
2022-10-24 14:43:58,059 [main] INFO ebanking - password provided
2022-10-24 14:44:01,969 [main] INFO ebanking - login passed
2022-10-24 14:49:03,347 [main] INFO ebanking - username provided
2022-10-24 14:49:03,445 [main] INFO ebanking - password provided
2022-10-24 14:49:07,411 [main] INFO ebanking - login passed
2022-10-24 14:51:25,036 [main] INFO ebanking - username provided
2022-10-24 14:51:25,140 [main] INFO ebanking - password provided
2022-10-24 14:51:29,111 [main] INFO ebanking - login passed
2022-10-24 14:51:33,336 [main] INFO ebanking - username provided
2022-10-24 14:51:33,541 [main] INFO ebanking - password provided
2022-10-24 14:51:36,707 [main] INFO ebanking - login passed
2022-10-24 14:51:37,664 [main] INFO ebanking - username provided
2022-10-24 14:51:37,746 [main] INFO ebanking - password provided
2022-10-24 14:51:40,928 [main] INFO ebanking - login passed
